# JRE version: Java(TM) SE Runtime Environment 18.9 (11.0.11+9) (build 11.0.11+9-LTS-194)
# Java VM: Java HotSpot(TM) 64-Bit Server VM 18.9 (11.0.11+9-LTS-194, mixed mode, tiered, compressed oops, g1 gc, windows-amd64)
Heap:
 garbage-first heap   total 129024K, used 34575K [0x0000000082600000, 0x0000000100000000)
  region size 1024K, 2 young (2048K), 1 survivors (1024K)
 Metaspace       used 33158K, capacity 33730K, committed 33792K, reserved 1079296K
  class space    used 3508K, capacity 3782K, committed 3840K, reserved 1048576K
GC Heap History (10 events):
Event: 0.844 GC heap before
{Heap before GC invocations=0 (full 0):
 garbage-first heap   total 129024K, used 17408K [0x0000000082600000, 0x0000000100000000)
  region size 1024K, 19 young (19456K), 0 survivors (0K)
 Metaspace       used 20634K, capacity 21095K, committed 21248K, reserved 1069056K
  class space    used 2249K, capacity 2462K, committed 2560K, reserved 1048576K
}
Event: 0.849 GC heap after
{Heap after GC invocations=1 (full 0):
 garbage-first heap   total 129024K, used 3709K [0x0000000082600000, 0x0000000100000000)
  region size 1024K, 3 young (3072K), 3 survivors (3072K)
 Metaspace       used 20634K, capacity 21095K, committed 21248K, reserved 1069056K
  class space    used 2249K, capacity 2462K, committed 2560K, reserved 1048576K
}
Event: 6.849 GC heap before
{Heap before GC invocations=2 (full 0):
 garbage-first heap   total 129024K, used 87677K [0x0000000082600000, 0x0000000100000000)
  region size 1024K, 75 young (76800K), 3 survivors (3072K)
 Metaspace       used 31098K, capacity 31693K, committed 31872K, reserved 1077248K
  class space    used 3370K, capacity 3617K, committed 3712K, reserved 1048576K
}
Event: 6.857 GC heap after
{Heap after GC invocations=3 (full 0):
 garbage-first heap   total 129024K, used 20720K [0x0000000082600000, 0x0000000100000000)
  region size 1024K, 10 young (10240K), 10 survivors (10240K)
 Metaspace       used 31098K, capacity 31693K, committed 31872K, reserved 1077248K
  class space    used 3370K, capacity 3617K, committed 3712K, reserved 1048576K
}
Event: 180.005 GC heap before
{Heap before GC invocations=3 (full 0):
 garbage-first heap   total 129024K, used 93424K [0x0000000082600000, 0x0000000100000000)
  region size 1024K, 37 young (37888K), 10 survivors (10240K)
 Metaspace       used 33039K, capacity 33630K, committed 33792K, reserved 1079296K
  class space    used 3498K, capacity 3750K, committed 3840K, reserved 1048576K
}
Event: 180.014 GC heap after
{Heap after GC invocations=4 (full 0):
 garbage-first heap   total 129024K, used 67949K [0x0000000082600000, 0x0000000100000000)
  region size 1024K, 3 young (3072K), 3 survivors (3072K)
 Metaspace       used 33039K, capacity 33630K, committed 33792K, reserved 1079296K
  class space    used 3498K, capacity 3750K, committed 3840K, reserved 1048576K
}
Event: 180.081 GC heap before
{Heap before GC invocations=5 (full 0):
 garbage-first heap   total 129024K, used 97645K [0x0000000082600000, 0x0000000100000000)
  region size 1024K, 5 young (5120K), 3 survivors (3072K)
 Metaspace       used 33041K, capacity 33630K, committed 33792K, reserved 1079296K
  class space    used 3498K, capacity 3750K, committed 3840K, reserved 1048576K
}
Event: 180.084 GC heap after
{Heap after GC invocations=6 (full 0):
 garbage-first heap   total 129024K, used 95815K [0x0000000082600000, 0x0000000100000000)
  region size 1024K, 2 young (2048K), 2 survivors (2048K)
 Metaspace       used 33041K, capacity 33630K, committed 33792K, reserved 1079296K
  class space    used 3498K, capacity 3750K, committed 3840K, reserved 1048576K
}
Event: 181.162 GC heap before
{Heap before GC invocations=7 (full 0):
 garbage-first heap   total 129024K, used 94791K [0x0000000082600000, 0x0000000100000000)
  region size 1024K, 3 young (3072K), 2 survivors (2048K)
 Metaspace       used 33147K, capacity 33726K, committed 33792K, reserved 1079296K
  class space    used 3508K, capacity 3782K, committed 3840K, reserved 1048576K
}
Event: 181.164 GC heap after
{Heap after GC invocations=8 (full 0):
 garbage-first heap   total 129024K, used 34575K [0x0000000082600000, 0x0000000100000000)
  region size 1024K, 1 young (1024K), 1 survivors (1024K)
 Metaspace       used 33147K, capacity 33726K, committed 33792K, reserved 1079296K
  class space    used 3508K, capacity 3782K, committed 3840K, reserved 1048576K
}

